2026-07-17T04:20:51.0125556Z Current runner version: '2.335.1'
2026-07-17T04:20:51.0160458Z ##[group]Runner Image Provisioner
2026-07-17T04:20:51.0161727Z Hosted Compute Agent
2026-07-17T04:20:51.0162722Z Version: 20260707.563
2026-07-17T04:20:51.0163647Z Commit: 02667638d2b423fbc733a8e32a88b44996a3ba6e
2026-07-17T04:20:51.0164790Z Build Date: 2026-07-07T19:33:50Z
2026-07-17T04:20:51.0166120Z Worker ID: {7738c8dd-41ea-4fd3-b5b4-a3dab2de1222}
2026-07-17T04:20:51.0167324Z Azure Region: westus
2026-07-17T04:20:51.0168259Z ##[endgroup]
2026-07-17T04:20:51.0170384Z ##[group]Operating System
2026-07-17T04:20:51.0171327Z Ubuntu
2026-07-17T04:20:51.0172200Z 24.04.4
2026-07-17T04:20:51.0172997Z LTS
2026-07-17T04:20:51.0173759Z ##[endgroup]
2026-07-17T04:20:51.0174531Z ##[group]Runner Image
2026-07-17T04:20:51.0175364Z Image: ubuntu-24.04
2026-07-17T04:20:51.0176530Z Version: 20260714.240.1
2026-07-17T04:20:51.0178542Z Included Software: https://github.com/actions/runner-images/blob/ubuntu24/20260714.240/images/ubuntu/Ubuntu2404-Readme.md
2026-07-17T04:20:51.0181116Z Image Release: https://github.com/actions/runner-images/releases/tag/ubuntu24%2F20260714.240
2026-07-17T04:20:51.0182633Z ##[endgroup]
2026-07-17T04:20:51.0184310Z ##[group]GITHUB_TOKEN Permissions
2026-07-17T04:20:51.0187212Z Contents: write
2026-07-17T04:20:51.0188219Z Metadata: read
2026-07-17T04:20:51.0189047Z ##[endgroup]
2026-07-17T04:20:51.0191884Z Secret source: Actions
2026-07-17T04:20:51.0193457Z Prepare workflow directory
2026-07-17T04:20:51.0830356Z Prepare all required actions
2026-07-17T04:20:51.0869935Z Getting action download info
2026-07-17T04:20:51.3890715Z Download action repository 'actions/checkout@v4' (SHA:34e114876b0b11c390a56381ad16ebd13914f8d5)
2026-07-17T04:20:51.6697886Z Complete job name: refresh
2026-07-17T04:20:51.7576132Z Node 20 is being deprecated. This workflow is running with Node 24 by default. If you need to temporarily use Node 20, you can set the ACTIONS_ALLOW_USE_UNSECURE_NODE_VERSION=true environment variable. For more information see: https://github.blog/changelog/2025-09-19-deprecation-of-node-20-on-github-actions-runners/
2026-07-17T04:20:51.7584911Z ##[group]Run actions/checkout@v4
2026-07-17T04:20:51.7585686Z with:
2026-07-17T04:20:51.7586483Z   repository: samvaio00/thejumpuniverse
2026-07-17T04:20:51.7590472Z   token: ***
2026-07-17T04:20:51.7591060Z   ssh-strict: true
2026-07-17T04:20:51.7591638Z   ssh-user: git
2026-07-17T04:20:51.7592095Z   persist-credentials: true
2026-07-17T04:20:51.7592595Z   clean: true
2026-07-17T04:20:51.7593071Z   sparse-checkout-cone-mode: true
2026-07-17T04:20:51.7593645Z   fetch-depth: 1
2026-07-17T04:20:51.7594131Z   fetch-tags: false
2026-07-17T04:20:51.7594648Z   show-progress: true
2026-07-17T04:20:51.7595142Z   lfs: false
2026-07-17T04:20:51.7595650Z   submodules: false
2026-07-17T04:20:51.7596272Z   set-safe-directory: true
2026-07-17T04:20:51.7597150Z ##[endgroup]
2026-07-17T04:20:51.8639389Z Syncing repository: samvaio00/thejumpuniverse
2026-07-17T04:20:51.8642358Z ##[group]Getting Git version info
2026-07-17T04:20:51.8643700Z Working directory is '/home/runner/work/thejumpuniverse/thejumpuniverse'
2026-07-17T04:20:51.8645646Z [command]/usr/bin/git version
2026-07-17T04:20:51.8713990Z git version 2.54.0
2026-07-17T04:20:51.8771551Z ##[endgroup]
2026-07-17T04:20:51.8789276Z Temporarily overriding HOME='/home/runner/work/_temp/6bc7c90f-6a33-443d-867e-9ab8a2398c87' before making global git config changes
2026-07-17T04:20:51.8791647Z Adding repository directory to the temporary git global config as a safe directory
2026-07-17T04:20:51.8795671Z [command]/usr/bin/git config --global --add safe.directory /home/runner/work/thejumpuniverse/thejumpuniverse
2026-07-17T04:20:51.8855415Z Deleting the contents of '/home/runner/work/thejumpuniverse/thejumpuniverse'
2026-07-17T04:20:51.8859732Z ##[group]Initializing the repository
2026-07-17T04:20:51.8865656Z [command]/usr/bin/git init /home/runner/work/thejumpuniverse/thejumpuniverse
2026-07-17T04:20:51.8979801Z hint: Using 'master' as the name for the initial branch. This default branch name
2026-07-17T04:20:51.8981836Z hint: will change to "main" in Git 3.0. To configure the initial branch name
2026-07-17T04:20:51.8983926Z hint: to use in all of your new repositories, which will suppress this warning,
2026-07-17T04:20:51.8985964Z hint: call:
2026-07-17T04:20:51.8988368Z hint:
2026-07-17T04:20:51.8989761Z hint: 	git config --global init.defaultBranch <name>
2026-07-17T04:20:51.8991286Z hint:
2026-07-17T04:20:51.8992774Z hint: Names commonly chosen instead of 'master' are 'main', 'trunk' and
2026-07-17T04:20:51.8994723Z hint: 'development'. The just-created branch can be renamed via this command:
2026-07-17T04:20:51.8996617Z hint:
2026-07-17T04:20:51.8997607Z hint: 	git branch -m <name>
2026-07-17T04:20:51.8998818Z hint:
2026-07-17T04:20:51.9000341Z hint: Disable this message with "git config set advice.defaultBranchName false"
2026-07-17T04:20:51.9002803Z Initialized empty Git repository in /home/runner/work/thejumpuniverse/thejumpuniverse/.git/
2026-07-17T04:20:51.9006895Z [command]/usr/bin/git remote add origin https://github.com/samvaio00/thejumpuniverse
2026-07-17T04:20:51.9060795Z ##[endgroup]
2026-07-17T04:20:51.9062025Z ##[group]Disabling automatic garbage collection
2026-07-17T04:20:51.9066154Z [command]/usr/bin/git config --local gc.auto 0
2026-07-17T04:20:51.9103279Z ##[endgroup]
2026-07-17T04:20:51.9104408Z ##[group]Setting up auth
2026-07-17T04:20:51.9111900Z [command]/usr/bin/git config --local --name-only --get-regexp core\.sshCommand
2026-07-17T04:20:51.9161075Z [command]/usr/bin/git submodule foreach --recursive sh -c "git config --local --name-only --get-regexp 'core\.sshCommand' && git config --local --unset-all 'core.sshCommand' || :"
2026-07-17T04:20:51.9550921Z [command]/usr/bin/git config --local --name-only --get-regexp http\.https\:\/\/github\.com\/\.extraheader
2026-07-17T04:20:51.9588583Z [command]/usr/bin/git submodule foreach --recursive sh -c "git config --local --name-only --get-regexp 'http\.https\:\/\/github\.com\/\.extraheader' && git config --local --unset-all 'http.https://github.com/.extraheader' || :"
2026-07-17T04:20:51.9835519Z [command]/usr/bin/git config --local --name-only --get-regexp ^includeIf\.gitdir:
2026-07-17T04:20:51.9880056Z [command]/usr/bin/git submodule foreach --recursive git config --local --show-origin --name-only --get-regexp remote.origin.url
2026-07-17T04:20:52.0115204Z [command]/usr/bin/git config --local http.https://github.com/.extraheader AUTHORIZATION: basic ***
2026-07-17T04:20:52.0157210Z ##[endgroup]
2026-07-17T04:20:52.0158235Z ##[group]Fetching the repository
2026-07-17T04:20:52.0168143Z [command]/usr/bin/git -c protocol.version=2 fetch --no-tags --prune --no-recurse-submodules --depth=1 origin +05701849bc139061b57d916fe221c48978d24412:refs/remotes/origin/main
2026-07-17T04:20:52.6663838Z From https://github.com/samvaio00/thejumpuniverse
2026-07-17T04:20:52.6664857Z  * [new ref]         05701849bc139061b57d916fe221c48978d24412 -> origin/main
2026-07-17T04:20:52.6698935Z ##[endgroup]
2026-07-17T04:20:52.6700504Z ##[group]Determining the checkout info
2026-07-17T04:20:52.6702472Z ##[endgroup]
2026-07-17T04:20:52.6710299Z [command]/usr/bin/git sparse-checkout disable
2026-07-17T04:20:52.6762347Z [command]/usr/bin/git config --local --unset-all extensions.worktreeConfig
2026-07-17T04:20:52.6794430Z ##[group]Checking out the ref
2026-07-17T04:20:52.6798953Z [command]/usr/bin/git checkout --progress --force -B main refs/remotes/origin/main
2026-07-17T04:20:52.7004841Z Switched to a new branch 'main'
2026-07-17T04:20:52.7007723Z branch 'main' set up to track 'origin/main'.
2026-07-17T04:20:52.7014764Z ##[endgroup]
2026-07-17T04:20:52.7063659Z [command]/usr/bin/git log -1 --format=%H
2026-07-17T04:20:52.7099260Z 05701849bc139061b57d916fe221c48978d24412
2026-07-17T04:20:52.7315509Z ##[group]Run python3 scripts/yt_stats.py
2026-07-17T04:20:52.7316591Z [36;1mpython3 scripts/yt_stats.py[0m
2026-07-17T04:20:52.7398784Z shell: /usr/bin/bash -e {0}
2026-07-17T04:20:52.7399342Z ##[endgroup]
2026-07-17T04:20:53.2062967Z Traceback (most recent call last):
2026-07-17T04:20:53.2064971Z   File "/home/runner/work/thejumpuniverse/thejumpuniverse/scripts/yt_stats.py", line 122, in <module>
2026-07-17T04:20:53.2067290Z     main()
2026-07-17T04:20:53.2068919Z   File "/home/runner/work/thejumpuniverse/thejumpuniverse/scripts/yt_stats.py", line 74, in main
2026-07-17T04:20:53.2070803Z     fresh = parse_entries(fetch_feed())
2026-07-17T04:20:53.2071869Z                           ^^^^^^^^^^^^
2026-07-17T04:20:53.2073506Z   File "/home/runner/work/thejumpuniverse/thejumpuniverse/scripts/yt_stats.py", line 30, in fetch_feed
2026-07-17T04:20:53.2075443Z     with urllib.request.urlopen(req, timeout=30) as resp:
2026-07-17T04:20:53.2077092Z          ^^^^^^^^^^^^^^^^^^^^^^^^^^^^^^^^^^^^^^^
2026-07-17T04:20:53.2078433Z   File "/usr/lib/python3.12/urllib/request.py", line 215, in urlopen
2026-07-17T04:20:53.2079840Z     return opener.open(url, data, timeout)
2026-07-17T04:20:53.2080952Z            ^^^^^^^^^^^^^^^^^^^^^^^^^^^^^^^
2026-07-17T04:20:53.2082192Z   File "/usr/lib/python3.12/urllib/request.py", line 521, in open
2026-07-17T04:20:53.2083564Z     response = meth(req, response)
2026-07-17T04:20:53.2084618Z                ^^^^^^^^^^^^^^^^^^^
2026-07-17T04:20:53.2086092Z   File "/usr/lib/python3.12/urllib/request.py", line 630, in http_response
2026-07-17T04:20:53.2087396Z     response = self.parent.error(
2026-07-17T04:20:53.2088229Z                ^^^^^^^^^^^^^^^^^^
2026-07-17T04:20:53.2089244Z   File "/usr/lib/python3.12/urllib/request.py", line 559, in error
2026-07-17T04:20:53.2090369Z     return self._call_chain(*args)
2026-07-17T04:20:53.2091192Z            ^^^^^^^^^^^^^^^^^^^^^^^
2026-07-17T04:20:53.2092369Z   File "/usr/lib/python3.12/urllib/request.py", line 492, in _call_chain
2026-07-17T04:20:53.2093688Z     result = func(*args)
2026-07-17T04:20:53.2094450Z              ^^^^^^^^^^^
2026-07-17T04:20:53.2095651Z   File "/usr/lib/python3.12/urllib/request.py", line 639, in http_error_default
2026-07-17T04:20:53.2097506Z     raise HTTPError(req.full_url, code, msg, hdrs, fp)
2026-07-17T04:20:53.2098798Z urllib.error.HTTPError: HTTP Error 404: Not Found
2026-07-17T04:20:53.2271476Z ##[error]Process completed with exit code 1.
2026-07-17T04:20:53.2554129Z Node 20 is being deprecated. This workflow is running with Node 24 by default. If you need to temporarily use Node 20, you can set the ACTIONS_ALLOW_USE_UNSECURE_NODE_VERSION=true environment variable. For more information see: https://github.blog/changelog/2025-09-19-deprecation-of-node-20-on-github-actions-runners/
2026-07-17T04:20:53.2559795Z Post job cleanup.
2026-07-17T04:20:53.3484809Z [command]/usr/bin/git version
2026-07-17T04:20:53.3531754Z git version 2.54.0
2026-07-17T04:20:53.3578345Z Temporarily overriding HOME='/home/runner/work/_temp/8d26f7f7-625c-4a81-8123-ea8c89eca6ae' before making global git config changes
2026-07-17T04:20:53.3582037Z Adding repository directory to the temporary git global config as a safe directory
2026-07-17T04:20:53.3586174Z [command]/usr/bin/git config --global --add safe.directory /home/runner/work/thejumpuniverse/thejumpuniverse
2026-07-17T04:20:53.3627460Z [command]/usr/bin/git config --local --name-only --get-regexp core\.sshCommand
2026-07-17T04:20:53.3665963Z [command]/usr/bin/git submodule foreach --recursive sh -c "git config --local --name-only --get-regexp 'core\.sshCommand' && git config --local --unset-all 'core.sshCommand' || :"
2026-07-17T04:20:53.3917281Z [command]/usr/bin/git config --local --name-only --get-regexp http\.https\:\/\/github\.com\/\.extraheader
2026-07-17T04:20:53.3945023Z http.https://github.com/.extraheader
2026-07-17T04:20:53.3957965Z [command]/usr/bin/git config --local --unset-all http.https://github.com/.extraheader
2026-07-17T04:20:53.3994246Z [command]/usr/bin/git submodule foreach --recursive sh -c "git config --local --name-only --get-regexp 'http\.https\:\/\/github\.com\/\.extraheader' && git config --local --unset-all 'http.https://github.com/.extraheader' || :"
2026-07-17T04:20:53.4280935Z [command]/usr/bin/git config --local --name-only --get-regexp ^includeIf\.gitdir:
2026-07-17T04:20:53.4323130Z [command]/usr/bin/git submodule foreach --recursive git config --local --show-origin --name-only --get-regexp remote.origin.url
2026-07-17T04:20:53.4733400Z Cleaning up orphan processes
2026-07-17T04:20:53.5266518Z ##[warning]Node.js 20 is deprecated. The following actions target Node.js 20 but are being forced to run on Node.js 24: actions/checkout@v4. For more information see: https://github.blog/changelog/2025-09-19-deprecation-of-node-20-on-github-actions-runners/
